Arguments: 
  C:\Program Files\nodejs\node.exe C:\Program Files (x86)\Yarn\bin\yarn.js init

PATH: 
  C:\Program Files (x86)\Common Files\Intel\Shared Libraries\redist\intel64\compiler;C:\Windows\system32;C:\Windows;C:\Windows\System32\Wbem;C:\Windows\System32\WindowsPowerShell\v1.0\;C:\Windows\System32\OpenSSH\;C:\xampp\php;C:\ProgramData\ComposerSetup\bin;C:\Program Files\nodejs\;C:\ProgramData\chocolatey\bin;C:\tools\lxrunoffline;C:\Program Files (x86)\Yarn\bin\;C:\Program Files\Docker\Docker\resources\bin;C:\ProgramData\DockerDesktop\version-bin;C:\Program Files\Git\cmd;C:\Users\muhrusdi\scoop\shims;C:\Users\muhrusdi\AppData\Local\Microsoft\WindowsApps;C:\Users\muhrusdi\AppData\Local\Programs\Microsoft VS Code\bin;C:\Users\muhrusdi\AppData\Roaming\Composer\vendor\bin;C:\Users\muhrusdi\AppData\Roaming\npm;C:\Users\muhrusdi\AppData\Local\Yarn\bin;C:\Program Files (x86)\GitHub CLI\

Yarn version: 
  1.22.5

Node version: 
  14.15.1

Platform: 
  win32 x64

Trace: 
  Error: canceled
      at Interface.<anonymous> (C:\Program Files (x86)\Yarn\lib\cli.js:137009:13)
      at Interface.emit (events.js:315:20)
      at Interface._ttyWrite (readline.js:875:16)
      at ReadStream.onkeypress (readline.js:213:10)
      at ReadStream.emit (events.js:315:20)
      at emitKeys (internal/readline/utils.js:345:14)
      at emitKeys.next (<anonymous>)
      at ReadStream.onData (readline.js:1144:36)
      at ReadStream.emit (events.js:315:20)
      at addChunk (_stream_readable.js:309:12)

npm manifest: 
  {
    "name": "simpleicons",
    "version": "0.1.0",
    "description": "",
    "main": "code.js",
    "scripts": {
      "test": "echo \"Error: no test specified\" && exit 1",
      "build": "npx webpack --mode=production",
      "dev": "npx webpack --mode=development --watch"
    },
    "author": "",
    "license": "ISC",
    "dependencies": {
      "@figma/plugin-typings": "^1.16.1",
      "@types/react": "^16.8.23",
      "@types/react-dom": "^16.8.5",
      "css-loader": "^3.1.0",
      "html-webpack-inline-source-plugin": "0.0.10",
      "html-webpack-plugin": "^3.2.0",
      "react": "^16.8.6",
      "react-dom": "^16.8.6",
      "style-loader": "^0.23.1",
      "ts-loader": "^6.0.4",
      "typescript": "^4.0.3",
      "url-loader": "^2.1.0",
      "webpack": "^4.38.0",
      "webpack-cli": "^3.3.6"
    }
  }

yarn manifest: 
  No manifest

Lockfile: 
  No lockfile
